<?xml version="1.0" encoding="UTF-8"?>
<testsuite xmlns:xsi="http://www.w3.org/2001/XMLSchema-instance" xsi:noNamespaceSchemaLocation="https://maven.apache.org/surefire/maven-surefire-plugin/xsd/surefire-test-report.xsd" version="3.0.2" name="com.demo.config.SecurityConfigTest" time="3.388" tests="3" errors="0" skipped="0" failures="0">
  <properties>
[...]
</properties>
  <testcase name="publicEndpoint" classname="com.demo.config.SecurityConfigTest" time="0.11">
    <system-out><![CDATA[10:54:54.165 [main] INFO org.springframework.test.context.support.AnnotationConfigContextLoaderUtils -- Could not detect default configuration classes for test class [com.demo.config.SecurityConfigTest]: SecurityConfigTest does not declare any static, non-private, non-final, nested classes annotated with @Configuration.
10:54:54.221 [main] INFO org.springframework.boot.test.context.SpringBootTestContextBootstrapper -- Found @SpringBootConfiguration com.demo.MoneyManagerApplication for test class com.demo.config.SecurityConfigTest

  .   ____          _            __ _ _
 /\\ / ___'_ __ _ _(_)_ __  __ _ \ \ \ \
( ( )\___ | '_ | '_| | '_ \/ _` | \ \ \ \
 \\/  ___)| |_)| | | | | || (_| |  ) ) ) )
  '  |____| .__|_| |_|_| |_\__, | / / / /
 =========|_|==============|___/=/_/_/_/

 :: Spring Boot ::                (v3.4.4)

2025-05-07T10:54:54.415-03:00  INFO 52043 --- [money-manager] [           main] com.demo.config.SecurityConfigTest       : Starting SecurityConfigTest using Java 17.0.14 with PID 52043 (started by thegodfatherjunior in /Users/thegodfatherjunior/Documents/GitHub/MoneyManager)
2025-05-07T10:54:54.415-03:00  INFO 52043 --- [money-manager] [           main] com.demo.config.SecurityConfigTest       : The following 1 profile is active: "test"
2025-05-07T10:54:54.843-03:00  INFO 52043 --- [money-manager] [           main] .s.d.r.c.RepositoryConfigurationDelegate : Bootstrapping Spring Data JPA repositories in DEFAULT mode.
2025-05-07T10:54:54.872-03:00  INFO 52043 --- [money-manager] [           main] .s.d.r.c.RepositoryConfigurationDelegate : Finished Spring Data repository scanning in 24 ms. Found 1 JPA repository interface.
2025-05-07T10:54:55.734-03:00  INFO 52043 --- [money-manager] [           main] o.hibernate.jpa.internal.util.LogHelper  : HHH000204: Processing PersistenceUnitInfo [name: default]
2025-05-07T10:54:55.765-03:00  INFO 52043 --- [money-manager] [           main] org.hibernate.Version                    : HHH000412: Hibernate ORM core version 6.6.11.Final
2025-05-07T10:54:55.783-03:00  INFO 52043 --- [money-manager] [           main] o.h.c.internal.RegionFactoryInitiator    : HHH000026: Second-level cache disabled
2025-05-07T10:54:55.852-03:00  INFO 52043 --- [money-manager] [           main] o.s.o.j.p.SpringPersistenceUnitInfo      : No LoadTimeWeaver setup: ignoring JPA class transformer
2025-05-07T10:54:55.867-03:00  INFO 52043 --- [money-manager] [           main] com.zaxxer.hikari.HikariDataSource       : HikariPool-1 - Starting...
2025-05-07T10:54:55.957-03:00  INFO 52043 --- [money-manager] [           main] com.zaxxer.hikari.pool.HikariPool        : HikariPool-1 - Added connection conn0: url=jdbc:h2:mem:testdb user=SA
2025-05-07T10:54:55.958-03:00  INFO 52043 --- [money-manager] [           main] com.zaxxer.hikari.HikariDataSource       : HikariPool-1 - Start completed.
2025-05-07T10:54:55.973-03:00  WARN 52043 --- [money-manager] [           main] org.hibernate.orm.deprecation            : HHH90000025: H2Dialect does not need to be specified explicitly using 'hibernate.dialect' (remove the property setting and it will be selected by default)
2025-05-07T10:54:55.986-03:00  INFO 52043 --- [money-manager] [           main] org.hibernate.orm.connections.pooling    : HHH10001005: Database info:
	Database JDBC URL [Connecting through datasource 'HikariDataSource (HikariPool-1)']
	Database driver: undefined/unknown
	Database version: 2.3.232
	Autocommit mode: undefined/unknown
	Isolation level: undefined/unknown
	Minimum pool size: undefined/unknown
	Maximum pool size: undefined/unknown
Hibernate: create global temporary table HTE_investment(rn_ integer not null, amount float(53), applied_amount float(53), id bigint, user_id bigint, type varchar(255), primary key (rn_)) TRANSACTIONAL
Hibernate: create global temporary table HTE_app_user(rn_ integer not null, id bigint, email varchar(255), name varchar(255), password varchar(255), primary key (rn_)) TRANSACTIONAL
Hibernate: create global temporary table HTE_wallet(rn_ integer not null, id bigint, user_id bigint, name varchar(255), primary key (rn_)) TRANSACTIONAL
Hibernate: create global temporary table HTE_expense(rn_ integer not null, card_id bigint, id bigint, name varchar(255), primary key (rn_)) TRANSACTIONAL
Hibernate: create global temporary table HTE_installment(number integer, rn_ integer not null, amount float(53), expense_id bigint, id bigint, due_date varchar(255), primary key (rn_)) TRANSACTIONAL
Hibernate: create global temporary table HTE_card(amount float(24), max_limit float(24), rn_ integer not null, id bigint, wallet_id bigint, close_day varchar(255), type varchar(255), primary key (rn_)) TRANSACTIONAL
2025-05-07T10:54:56.446-03:00  INFO 52043 --- [money-manager] [           main] o.h.e.t.j.p.i.JtaPlatformInitiator       : HHH000489: No JTA platform available (set 'hibernate.transaction.jta.platform' to enable JTA platform integration)
Hibernate: drop table if exists app_user cascade 
Hibernate: drop table if exists card cascade 
Hibernate: drop table if exists expense cascade 
Hibernate: drop table if exists installment cascade 
Hibernate: drop table if exists investment cascade 
Hibernate: drop table if exists roles cascade 
Hibernate: drop table if exists user_roles cascade 
Hibernate: drop table if exists wallet cascade 
Hibernate: drop sequence if exists app_user_seq
Hibernate: drop sequence if exists card_seq
Hibernate: drop sequence if exists expense_seq
Hibernate: drop sequence if exists installment_seq
Hibernate: drop sequence if exists investment_seq
Hibernate: drop sequence if exists wallet_seq
Hibernate: create sequence app_user_seq start with 1 increment by 50
Hibernate: create sequence card_seq start with 1 increment by 50
Hibernate: create sequence expense_seq start with 1 increment by 50
Hibernate: create sequence installment_seq start with 1 increment by 50
Hibernate: create sequence investment_seq start with 1 increment by 50
Hibernate: create sequence wallet_seq start with 1 increment by 50
Hibernate: create table app_user (id bigint not null, email varchar(255) not null unique, name varchar(255), password varchar(255) not null, primary key (id))
Hibernate: create table card (amount float(24), max_limit float(24), id bigint not null, wallet_id bigint, close_day varchar(255), type varchar(255), primary key (id))
Hibernate: create table expense (card_id bigint, id bigint not null, name varchar(255), primary key (id))
Hibernate: create table installment (amount float(53), number integer, expense_id bigint unique, id bigint not null, due_date varchar(255), primary key (id))
Hibernate: create table investment (amount float(53), applied_amount float(53), id bigint not null, user_id bigint, type varchar(255), primary key (id))
Hibernate: create table roles (id bigint generated by default as identity, name enum ('ROLE_ADMIN','ROLE_USER'), primary key (id))
Hibernate: create table user_roles (app_user_id bigint not null, role_id bigint not null)
Hibernate: create table wallet (id bigint not null, user_id bigint, name varchar(255), primary key (id))
Hibernate: alter table if exists card add constraint FKimankogjrf9gnaj13v65xabqy foreign key (wallet_id) references wallet
Hibernate: alter table if exists expense add constraint FK4jd6b6hrlnu65gbro8y3k8v38 foreign key (card_id) references card
Hibernate: alter table if exists installment add constraint FKohx8kv0qtoykuy7ggv6s2svyr foreign key (expense_id) references expense
Hibernate: alter table if exists investment add constraint FKtbvytpv5pc3mpkw9wdvmih2yc foreign key (user_id) references app_user
Hibernate: alter table if exists user_roles add constraint FKh8ciramu9cc9q3qcqiv4ue8a6 foreign key (role_id) references roles
Hibernate: alter table if exists user_roles add constraint FKq0a2ff2ouxxlo7sd6iimtusi4 foreign key (app_user_id) references app_user
Hibernate: alter table if exists wallet add constraint FK8xcge928o78vtbh64bddusygy foreign key (user_id) references app_user
2025-05-07T10:54:56.478-03:00  INFO 52043 --- [money-manager] [           main] j.LocalContainerEntityManagerFactoryBean : Initialized JPA EntityManagerFactory for persistence unit 'default'
2025-05-07T10:54:56.521-03:00  INFO 52043 --- [money-manager] [           main] r$InitializeUserDetailsManagerConfigurer : Global AuthenticationManager configured with UserDetailsService bean with name userDetailsImpl.UserDetailsServiceImpl
2025-05-07T10:54:56.905-03:00  INFO 52043 --- [money-manager] [           main] o.s.b.a.e.web.EndpointLinksResolver      : Exposing 1 endpoint beneath base path '/actuator'
2025-05-07T10:54:56.938-03:00  WARN 52043 --- [money-manager] [           main] thorizationManagerRequestMatcherRegistry : One of the patterns in [user/getAll] is missing a leading slash. This is discouraged; please include the leading slash in all your request matcher patterns. In future versions of Spring Security, leaving out the leading slash will result in an exception.
2025-05-07T10:54:57.225-03:00  INFO 52043 --- [money-manager] [           main] o.s.b.a.h2.H2ConsoleAutoConfiguration    : H2 console available at '/h2-console'. Database available at 'jdbc:h2:mem:testdb'
2025-05-07T10:54:57.265-03:00  INFO 52043 --- [money-manager] [           main] o.s.b.t.m.w.SpringBootMockServletContext : Initializing Spring TestDispatcherServlet ''
2025-05-07T10:54:57.266-03:00  INFO 52043 --- [money-manager] [           main] o.s.t.web.servlet.TestDispatcherServlet  : Initializing Servlet ''
2025-05-07T10:54:57.266-03:00  INFO 52043 --- [money-manager] [           main] o.s.t.web.servlet.TestDispatcherServlet  : Completed initialization in 0 ms
2025-05-07T10:54:57.317-03:00  INFO 52043 --- [money-manager] [           main] com.demo.config.SecurityConfigTest       : Started SecurityConfigTest in 3.035 seconds (process running for 3.518)
]]></system-out>
  </testcase>
  <testcase name="privateEndpointAndAuthorized" classname="com.demo.config.SecurityConfigTest" time="0.018"/>
  <testcase name="privateEndpointAndNoAuthorization" classname="com.demo.config.SecurityConfigTest" time="0.004"/>
</testsuite>